# JRE version: OpenJDK Runtime Environment (8.0_212-b04) (build 1.8.0_212-release-1586-b04)
# Java VM: OpenJDK 64-Bit Server VM (25.212-b04 mixed mode windows-amd64 compressed oops)
Heap:
 PSYoungGen      total 56832K, used 33870K [0x00000000e0000000, 0x00000000e6f00000, 0x0000000100000000)
  eden space 49152K, 68% used [0x00000000e0000000,0x00000000e21138b8,0x00000000e3000000)
  from space 7680K, 0% used [0x00000000e3780000,0x00000000e3780000,0x00000000e3f00000)
  to   space 7680K, 0% used [0x00000000e3000000,0x00000000e3000000,0x00000000e3780000)
 ParOldGen       total 85504K, used 11010K [0x00000000a0000000, 0x00000000a5380000, 0x00000000e0000000)
  object space 85504K, 12% used [0x00000000a0000000,0x00000000a0ac0818,0x00000000a5380000)
 Metaspace       used 25742K, capacity 26210K, committed 26496K, reserved 1073152K
  class space    used 3439K, capacity 3586K, committed 3712K, reserved 1048576K
GC Heap History (10 events):
Event: 1.780 GC heap before
{Heap before GC invocations=1 (full 0):
 PSYoungGen      total 56832K, used 49152K [0x00000000e0000000, 0x00000000e3f00000, 0x0000000100000000)
  eden space 49152K, 100% used [0x00000000e0000000,0x00000000e3000000,0x00000000e3000000)
  from space 7680K, 0% used [0x00000000e3780000,0x00000000e3780000,0x00000000e3f00000)
  to   space 7680K, 0% used [0x00000000e3000000,0x00000000e3000000,0x00000000e3780000)
 ParOldGen       total 130048K, used 0K [0x00000000a0000000, 0x00000000a7f00000, 0x00000000e0000000)
  object space 130048K, 0% used [0x00000000a0000000,0x00000000a0000000,0x00000000a7f00000)
 Metaspace       used 7106K, capacity 7414K, committed 7680K, reserved 1056768K
  class space    used 858K, capacity 942K, committed 1024K, reserved 1048576K
Event: 1.787 GC heap after
Heap after GC invocations=1 (full 0):
 PSYoungGen      total 56832K, used 4902K [0x00000000e0000000, 0x00000000e3f00000, 0x0000000100000000)
  eden space 49152K, 0% used [0x00000000e0000000,0x00000000e0000000,0x00000000e3000000)
  from space 7680K, 63% used [0x00000000e3000000,0x00000000e34c9928,0x00000000e3780000)
  to   space 7680K, 0% used [0x00000000e3780000,0x00000000e3780000,0x00000000e3f00000)
 ParOldGen       total 130048K, used 8K [0x00000000a0000000, 0x00000000a7f00000, 0x00000000e0000000)
  object space 130048K, 0% used [0x00000000a0000000,0x00000000a0002000,0x00000000a7f00000)
 Metaspace       used 7106K, capacity 7414K, committed 7680K, reserved 1056768K
  class space    used 858K, capacity 942K, committed 1024K, reserved 1048576K
}
Event: 3.752 GC heap before
{Heap before GC invocations=2 (full 0):
 PSYoungGen      total 56832K, used 54054K [0x00000000e0000000, 0x00000000e3f00000, 0x0000000100000000)
  eden space 49152K, 100% used [0x00000000e0000000,0x00000000e3000000,0x00000000e3000000)
  from space 7680K, 63% used [0x00000000e3000000,0x00000000e34c9928,0x00000000e3780000)
  to   space 7680K, 0% used [0x00000000e3780000,0x00000000e3780000,0x00000000e3f00000)
 ParOldGen       total 130048K, used 8K [0x00000000a0000000, 0x00000000a7f00000, 0x00000000e0000000)
  object space 130048K, 0% used [0x00000000a0000000,0x00000000a0002000,0x00000000a7f00000)
 Metaspace       used 11918K, capacity 12314K, committed 12544K, reserved 1060864K
  class space    used 1586K, capacity 1681K, committed 1792K, reserved 1048576K
Event: 3.760 GC heap after
Heap after GC invocations=2 (full 0):
 PSYoungGen      total 56832K, used 6929K [0x00000000e0000000, 0x00000000e3f00000, 0x0000000100000000)
  eden space 49152K, 0% used [0x00000000e0000000,0x00000000e0000000,0x00000000e3000000)
  from space 7680K, 90% used [0x00000000e3780000,0x00000000e3e44510,0x00000000e3f00000)
  to   space 7680K, 0% used [0x00000000e3000000,0x00000000e3000000,0x00000000e3780000)
 ParOldGen       total 130048K, used 16K [0x00000000a0000000, 0x00000000a7f00000, 0x00000000e0000000)
  object space 130048K, 0% used [0x00000000a0000000,0x00000000a0004000,0x00000000a7f00000)
 Metaspace       used 11918K, capacity 12314K, committed 12544K, reserved 1060864K
  class space    used 1586K, capacity 1681K, committed 1792K, reserved 1048576K
}
Event: 4.412 GC heap before
{Heap before GC invocations=3 (full 0):
 PSYoungGen      total 56832K, used 56081K [0x00000000e0000000, 0x00000000e3f00000, 0x0000000100000000)
  eden space 49152K, 100% used [0x00000000e0000000,0x00000000e3000000,0x00000000e3000000)
  from space 7680K, 90% used [0x00000000e3780000,0x00000000e3e44510,0x00000000e3f00000)
  to   space 7680K, 0% used [0x00000000e3000000,0x00000000e3000000,0x00000000e3780000)
 ParOldGen       total 130048K, used 16K [0x00000000a0000000, 0x00000000a7f00000, 0x00000000e0000000)
  object space 130048K, 0% used [0x00000000a0000000,0x00000000a0004000,0x00000000a7f00000)
 Metaspace       used 15785K, capacity 16238K, committed 16512K, reserved 1062912K
  class space    used 2232K, capacity 2377K, committed 2432K, reserved 1048576K
Event: 4.428 GC heap after
Heap after GC invocations=3 (full 0):
 PSYoungGen      total 56832K, used 7675K [0x00000000e0000000, 0x00000000e3f00000, 0x0000000100000000)
  eden space 49152K, 0% used [0x00000000e0000000,0x00000000e0000000,0x00000000e3000000)
  from space 7680K, 99% used [0x00000000e3000000,0x00000000e377eee0,0x00000000e3780000)
  to   space 7680K, 0% used [0x00000000e3780000,0x00000000e3780000,0x00000000e3f00000)
 ParOldGen       total 130048K, used 1934K [0x00000000a0000000, 0x00000000a7f00000, 0x00000000e0000000)
  object space 130048K, 1% used [0x00000000a0000000,0x00000000a01e38e8,0x00000000a7f00000)
 Metaspace       used 15785K, capacity 16238K, committed 16512K, reserved 1062912K
  class space    used 2232K, capacity 2377K, committed 2432K, reserved 1048576K
}
Event: 5.329 GC heap before
{Heap before GC invocations=4 (full 0):
 PSYoungGen      total 56832K, used 52376K [0x00000000e0000000, 0x00000000e3f00000, 0x0000000100000000)
  eden space 49152K, 90% used [0x00000000e0000000,0x00000000e2ba74d8,0x00000000e3000000)
  from space 7680K, 99% used [0x00000000e3000000,0x00000000e377eee0,0x00000000e3780000)
  to   space 7680K, 0% used [0x00000000e3780000,0x00000000e3780000,0x00000000e3f00000)
 ParOldGen       total 130048K, used 1934K [0x00000000a0000000, 0x00000000a7f00000, 0x00000000e0000000)
  object space 130048K, 1% used [0x00000000a0000000,0x00000000a01e38e8,0x00000000a7f00000)
 Metaspace       used 20675K, capacity 21022K, committed 21248K, reserved 1067008K
  class space    used 2909K, capacity 3053K, committed 3072K, reserved 1048576K
Event: 5.346 GC heap after
Heap after GC invocations=4 (full 0):
 PSYoungGen      total 56832K, used 7664K [0x00000000e0000000, 0x00000000e6f00000, 0x0000000100000000)
  eden space 49152K, 0% used [0x00000000e0000000,0x00000000e0000000,0x00000000e3000000)
  from space 7680K, 99% used [0x00000000e3780000,0x00000000e3efc350,0x00000000e3f00000)
  to   space 7680K, 0% used [0x00000000e3000000,0x00000000e3000000,0x00000000e3780000)
 ParOldGen       total 130048K, used 5605K [0x00000000a0000000, 0x00000000a7f00000, 0x00000000e0000000)
  object space 130048K, 4% used [0x00000000a0000000,0x00000000a05797e8,0x00000000a7f00000)
 Metaspace       used 20675K, capacity 21022K, committed 21248K, reserved 1067008K
  class space    used 2909K, capacity 3053K, committed 3072K, reserved 1048576K
}
Event: 5.346 GC heap before
{Heap before GC invocations=5 (full 1):
 PSYoungGen      total 56832K, used 7664K [0x00000000e0000000, 0x00000000e6f00000, 0x0000000100000000)
  eden space 49152K, 0% used [0x00000000e0000000,0x00000000e0000000,0x00000000e3000000)
  from space 7680K, 99% used [0x00000000e3780000,0x00000000e3efc350,0x00000000e3f00000)
  to   space 7680K, 0% used [0x00000000e3000000,0x00000000e3000000,0x00000000e3780000)
 ParOldGen       total 130048K, used 5605K [0x00000000a0000000, 0x00000000a7f00000, 0x00000000e0000000)
  object space 130048K, 4% used [0x00000000a0000000,0x00000000a05797e8,0x00000000a7f00000)
 Metaspace       used 20675K, capacity 21022K, committed 21248K, reserved 1067008K
  class space    used 2909K, capacity 3053K, committed 3072K, reserved 1048576K
Event: 5.394 GC heap after
Heap after GC invocations=5 (full 1):
 PSYoungGen      total 56832K, used 0K [0x00000000e0000000, 0x00000000e6f00000, 0x0000000100000000)
  eden space 49152K, 0% used [0x00000000e0000000,0x00000000e0000000,0x00000000e3000000)
  from space 7680K, 0% used [0x00000000e3780000,0x00000000e3780000,0x00000000e3f00000)
  to   space 7680K, 0% used [0x00000000e3000000,0x00000000e3000000,0x00000000e3780000)
 ParOldGen       total 85504K, used 11010K [0x00000000a0000000, 0x00000000a5380000, 0x00000000e0000000)
  object space 85504K, 12% used [0x00000000a0000000,0x00000000a0ac0818,0x00000000a5380000)
 Metaspace       used 20675K, capacity 21022K, committed 21248K, reserved 1067008K
  class space    used 2909K, capacity 3053K, committed 3072K, reserved 1048576K
}

